<?xml version="1.0" encoding="UTF-8"?>
<!-- Generated by org.testng.reporters.JUnitReportReporter -->
<testsuite hostname="Dbox-DBDharmendraHirwe" failures="0" tests="1" name="testcases.LoginTest" time="12.217" errors="0" timestamp="2021-06-25T12:06:10 IST" skipped="0">
  <testcase classname="testcases.LoginTest" name="login" time="12.217"/>
  <system-out/>
</testsuite> <!-- testcases.LoginTest -->
