<?xml version="1.0" encoding="UTF-8"?>
<!-- Generated by org.testng.reporters.JUnitReportReporter -->
<testsuite hostname="Dbox-DBDharmendraHirwe" failures="0" tests="1" name="testcases.TestClass" time="21.070" errors="0" timestamp="2021-06-25T09:32:40 IST" skipped="0">
  <testcase classname="testcases.TestClass" name="login" time="21.070"/>
  <system-out/>
</testsuite> <!-- testcases.TestClass -->
