<?xml version="1.0" encoding="UTF-8"?>
<!-- Generated by org.testng.reporters.JUnitReportReporter -->
<testsuite hostname="Dbox-DBDharmendraHirwe" failures="0" tests="1" name="testcases.UserTest" time="14.718" errors="0" timestamp="2021-06-25T12:09:22 IST" skipped="0">
  <testcase classname="testcases.UserTest" name="useTest" time="14.718"/>
  <system-out/>
</testsuite> <!-- testcases.UserTest -->
